<?xml version="1.0" encoding="UTF-8"?>
<!-- Generated by org.testng.reporters.JUnitXMLReporter -->
<testsuite ignored="3" hostname="IN-PG0351S8" failures="0" tests="12" name="CrossBrowserTest" time="9.585" errors="0" timestamp="2024-11-10T13:34:09 IST">
  <testcase classname="com.nagarro.selenium_assignment.utilities.BaseTest" name="@BeforeMethod setUp" time="3.388">
    <failure type="java.lang.RuntimeException" message="Property &amp;apos;global.wait.time&amp;apos; not found in configuration file">
      <![CDATA[java.lang.RuntimeException: Property 'global.wait.time' not found in configuration file
at com.nagarro.selenium_assignment.utilities.ConfigReader.getProperty(ConfigReader.java:31)
at com.nagarro.selenium_assignment.utilities.BaseTest.setUp(BaseTest.java:113)
at java.base/java.util.ArrayList.forEach(ArrayList.java:1511)
... Removed 31 stack frames]]>
    </failure>
  </testcase> <!-- @BeforeMethod setUp -->
  <testcase classname="com.nagarro.selenium_assignment.Test.HomePageTest" name="@AfterMethod closure" time="0.0">
    <skipped/>
  </testcase> <!-- @AfterMethod closure -->
  <testcase classname="com.nagarro.selenium_assignment.utilities.BaseTest" name="@AfterMethod tearDown" time="0.0">
    <skipped/>
  </testcase> <!-- @AfterMethod tearDown -->
  <testcase classname="com.nagarro.selenium_assignment.utilities.BaseTest" name="@AfterMethod tearDownExtentReports" time="0.0">
    <skipped/>
  </testcase> <!-- @AfterMethod tearDownExtentReports -->
  <testcase classname="com.nagarro.selenium_assignment.utilities.BaseTest" name="@BeforeMethod setUp" time="0.0">
    <skipped/>
  </testcase> <!-- @BeforeMethod setUp -->
  <testcase classname="com.nagarro.selenium_assignment.Test.HomePageTest" name="@AfterMethod closure" time="0.0">
    <skipped/>
  </testcase> <!-- @AfterMethod closure -->
  <testcase classname="com.nagarro.selenium_assignment.utilities.BaseTest" name="@AfterMethod tearDown" time="0.0">
    <skipped/>
  </testcase> <!-- @AfterMethod tearDown -->
  <testcase classname="com.nagarro.selenium_assignment.utilities.BaseTest" name="@AfterMethod tearDownExtentReports" time="0.0">
    <skipped/>
  </testcase> <!-- @AfterMethod tearDownExtentReports -->
  <testcase classname="com.nagarro.selenium_assignment.utilities.BaseTest" name="@BeforeMethod setUp" time="0.0">
    <skipped/>
  </testcase> <!-- @BeforeMethod setUp -->
  <testcase classname="com.nagarro.selenium_assignment.Test.HomePageTest" name="@AfterMethod closure" time="0.0">
    <skipped/>
  </testcase> <!-- @AfterMethod closure -->
  <testcase classname="com.nagarro.selenium_assignment.utilities.BaseTest" name="@AfterMethod tearDown" time="0.0">
    <skipped/>
  </testcase> <!-- @AfterMethod tearDown -->
  <testcase classname="com.nagarro.selenium_assignment.utilities.BaseTest" name="@AfterMethod tearDownExtentReports" time="0.0">
    <skipped/>
  </testcase> <!-- @AfterMethod tearDownExtentReports -->
  <testcase classname="com.nagarro.selenium_assignment.utilities.BaseTest" name="@BeforeMethod setUp" time="0.0">
    <skipped/>
  </testcase> <!-- @BeforeMethod setUp -->
  <testcase classname="com.nagarro.selenium_assignment.Test.HomePageTest" name="@AfterMethod closure" time="0.0">
    <skipped/>
  </testcase> <!-- @AfterMethod closure -->
  <testcase classname="com.nagarro.selenium_assignment.utilities.BaseTest" name="@AfterMethod tearDown" time="0.0">
    <skipped/>
  </testcase> <!-- @AfterMethod tearDown -->
  <testcase classname="com.nagarro.selenium_assignment.utilities.BaseTest" name="@AfterMethod tearDownExtentReports" time="0.0">
    <skipped/>
  </testcase> <!-- @AfterMethod tearDownExtentReports -->
  <testcase classname="com.nagarro.selenium_assignment.utilities.BaseTest" name="@BeforeMethod setUp" time="0.0">
    <skipped/>
  </testcase> <!-- @BeforeMethod setUp -->
  <testcase classname="com.nagarro.selenium_assignment.Test.HomePageTest" name="@AfterMethod closure" time="0.0">
    <skipped/>
  </testcase> <!-- @AfterMethod closure -->
  <testcase classname="com.nagarro.selenium_assignment.utilities.BaseTest" name="@AfterMethod tearDown" time="0.0">
    <skipped/>
  </testcase> <!-- @AfterMethod tearDown -->
  <testcase classname="com.nagarro.selenium_assignment.utilities.BaseTest" name="@AfterMethod tearDownExtentReports" time="0.0">
    <skipped/>
  </testcase> <!-- @AfterMethod tearDownExtentReports -->
  <testcase classname="com.nagarro.selenium_assignment.utilities.BaseTest" name="@BeforeMethod setUp" time="0.0">
    <skipped/>
  </testcase> <!-- @BeforeMethod setUp -->
  <testcase classname="com.nagarro.selenium_assignment.Test.HomePageTest" name="@AfterMethod closure" time="0.0">
    <skipped/>
  </testcase> <!-- @AfterMethod closure -->
  <testcase classname="com.nagarro.selenium_assignment.utilities.BaseTest" name="@AfterMethod tearDown" time="0.0">
    <skipped/>
  </testcase> <!-- @AfterMethod tearDown -->
  <testcase classname="com.nagarro.selenium_assignment.utilities.BaseTest" name="@AfterMethod tearDownExtentReports" time="0.0">
    <skipped/>
  </testcase> <!-- @AfterMethod tearDownExtentReports -->
  <testcase classname="com.nagarro.selenium_assignment.utilities.BaseTest" name="@BeforeMethod setUp" time="0.0">
    <skipped/>
  </testcase> <!-- @BeforeMethod setUp -->
  <testcase classname="com.nagarro.selenium_assignment.Test.HomePageTest" name="@AfterMethod closure" time="0.0">
    <skipped/>
  </testcase> <!-- @AfterMethod closure -->
  <testcase classname="com.nagarro.selenium_assignment.utilities.BaseTest" name="@AfterMethod tearDown" time="0.0">
    <skipped/>
  </testcase> <!-- @AfterMethod tearDown -->
  <testcase classname="com.nagarro.selenium_assignment.utilities.BaseTest" name="@AfterMethod tearDownExtentReports" time="0.0">
    <skipped/>
  </testcase> <!-- @AfterMethod tearDownExtentReports -->
  <testcase classname="com.nagarro.selenium_assignment.utilities.BaseTest" name="@BeforeMethod setUp" time="2.701">
    <failure type="java.lang.RuntimeException" message="Property &amp;apos;global.wait.time&amp;apos; not found in configuration file">
      <![CDATA[java.lang.RuntimeException: Property 'global.wait.time' not found in configuration file
at com.nagarro.selenium_assignment.utilities.ConfigReader.getProperty(ConfigReader.java:31)
at com.nagarro.selenium_assignment.utilities.BaseTest.setUp(BaseTest.java:113)
at java.base/java.util.ArrayList.forEach(ArrayList.java:1511)
... Removed 31 stack frames]]>
    </failure>
  </testcase> <!-- @BeforeMethod setUp -->
  <testcase classname="com.nagarro.selenium_assignment.Test.LoginTest" name="@AfterMethod closure" time="0.0">
    <skipped/>
  </testcase> <!-- @AfterMethod closure -->
  <testcase classname="com.nagarro.selenium_assignment.utilities.BaseTest" name="@AfterMethod tearDown" time="0.0">
    <skipped/>
  </testcase> <!-- @AfterMethod tearDown -->
  <testcase classname="com.nagarro.selenium_assignment.utilities.BaseTest" name="@AfterMethod tearDownExtentReports" time="0.0">
    <skipped/>
  </testcase> <!-- @AfterMethod tearDownExtentReports -->
  <testcase classname="com.nagarro.selenium_assignment.utilities.BaseTest" name="@BeforeMethod setUp" time="0.0">
    <skipped/>
  </testcase> <!-- @BeforeMethod setUp -->
  <testcase classname="com.nagarro.selenium_assignment.Test.LoginTest" name="@AfterMethod closure" time="0.0">
    <skipped/>
  </testcase> <!-- @AfterMethod closure -->
  <testcase classname="com.nagarro.selenium_assignment.utilities.BaseTest" name="@AfterMethod tearDown" time="0.0">
    <skipped/>
  </testcase> <!-- @AfterMethod tearDown -->
  <testcase classname="com.nagarro.selenium_assignment.utilities.BaseTest" name="@AfterMethod tearDownExtentReports" time="0.0">
    <skipped/>
  </testcase> <!-- @AfterMethod tearDownExtentReports -->
  <testcase classname="com.nagarro.selenium_assignment.utilities.BaseTest" name="@BeforeMethod setUp" time="0.0">
    <skipped/>
  </testcase> <!-- @BeforeMethod setUp -->
  <testcase classname="com.nagarro.selenium_assignment.Test.LoginTest" name="@AfterMethod closure" time="0.0">
    <skipped/>
  </testcase> <!-- @AfterMethod closure -->
  <testcase classname="com.nagarro.selenium_assignment.utilities.BaseTest" name="@AfterMethod tearDown" time="0.0">
    <skipped/>
  </testcase> <!-- @AfterMethod tearDown -->
  <testcase classname="com.nagarro.selenium_assignment.utilities.BaseTest" name="@AfterMethod tearDownExtentReports" time="0.0">
    <skipped/>
  </testcase> <!-- @AfterMethod tearDownExtentReports -->
  <testcase classname="com.nagarro.selenium_assignment.utilities.BaseTest" name="@BeforeMethod setUp" time="0.0">
    <skipped/>
  </testcase> <!-- @BeforeMethod setUp -->
  <testcase classname="com.nagarro.selenium_assignment.Test.LoginTest" name="@AfterMethod closure" time="0.0">
    <skipped/>
  </testcase> <!-- @AfterMethod closure -->
  <testcase classname="com.nagarro.selenium_assignment.utilities.BaseTest" name="@AfterMethod tearDown" time="0.0">
    <skipped/>
  </testcase> <!-- @AfterMethod tearDown -->
  <testcase classname="com.nagarro.selenium_assignment.utilities.BaseTest" name="@AfterMethod tearDownExtentReports" time="0.0">
    <skipped/>
  </testcase> <!-- @AfterMethod tearDownExtentReports -->
  <testcase classname="com.nagarro.selenium_assignment.Test.CartPageTest" name="@BeforeMethod setUp" time="3.142">
    <failure type="java.lang.RuntimeException" message="Property &amp;apos;global.wait.time&amp;apos; not found in configuration file">
      <![CDATA[java.lang.RuntimeException: Property 'global.wait.time' not found in configuration file
at com.nagarro.selenium_assignment.utilities.ConfigReader.getProperty(ConfigReader.java:31)
at com.nagarro.selenium_assignment.utilities.BaseTest.setUp(BaseTest.java:113)
at com.nagarro.selenium_assignment.Test.CartPageTest.setUp(CartPageTest.java:18)
at java.base/java.util.ArrayList.forEach(ArrayList.java:1511)
... Removed 31 stack frames]]>
    </failure>
  </testcase> <!-- @BeforeMethod setUp -->
  <testcase classname="com.nagarro.selenium_assignment.Test.CartPageTest" name="@AfterMethod tearDown" time="0.0">
    <skipped/>
  </testcase> <!-- @AfterMethod tearDown -->
  <testcase classname="com.nagarro.selenium_assignment.utilities.BaseTest" name="@AfterMethod tearDown" time="0.0">
    <skipped/>
  </testcase> <!-- @AfterMethod tearDown -->
  <testcase classname="com.nagarro.selenium_assignment.utilities.BaseTest" name="@AfterMethod tearDownExtentReports" time="0.0">
    <skipped/>
  </testcase> <!-- @AfterMethod tearDownExtentReports -->
  <testcase classname="com.nagarro.selenium_assignment.Test.HomePageTest" name="testHoverAndSelectHindiLanguage" time="0.0">
    <skipped/>
  </testcase> <!-- testHoverAndSelectHindiLanguage -->
  <testcase classname="com.nagarro.selenium_assignment.Test.HomePageTest" name="testOpenCustomerProfileMenu" time="0.0">
    <skipped/>
  </testcase> <!-- testOpenCustomerProfileMenu -->
  <testcase classname="com.nagarro.selenium_assignment.Test.HomePageTest" name="testSearchFunctionality" time="0.0">
    <skipped/>
  </testcase> <!-- testSearchFunctionality -->
  <testcase classname="com.nagarro.selenium_assignment.Test.HomePageTest" name="testSearchFunctionality" time="0.002">
    <skipped/>
  </testcase> <!-- testSearchFunctionality -->
  <testcase classname="com.nagarro.selenium_assignment.Test.HomePageTest" name="testTitle" time="0.0">
    <skipped/>
  </testcase> <!-- testTitle -->
  <testcase classname="com.nagarro.selenium_assignment.Test.HomePageTest" name="testTodaysBestDealsNavigation" time="0.0">
    <skipped/>
  </testcase> <!-- testTodaysBestDealsNavigation -->
  <testcase classname="com.nagarro.selenium_assignment.Test.HomePageTest" name="testUpdateLocationPincode" time="0.001">
    <skipped/>
  </testcase> <!-- testUpdateLocationPincode -->
  <testcase classname="com.nagarro.selenium_assignment.Test.LoginTest" name="testLoginWithBlankEmail" time="0.0">
    <skipped/>
  </testcase> <!-- testLoginWithBlankEmail -->
  <testcase classname="com.nagarro.selenium_assignment.Test.LoginTest" name="testLoginWithBlankPassword" time="0.0">
    <skipped/>
  </testcase> <!-- testLoginWithBlankPassword -->
  <testcase classname="com.nagarro.selenium_assignment.Test.LoginTest" name="testLoginWithInvalidCredentials" time="0.0">
    <skipped/>
  </testcase> <!-- testLoginWithInvalidCredentials -->
  <testcase classname="com.nagarro.selenium_assignment.Test.LoginTest" name="testLoginWithValidCredentials" time="0.0">
    <skipped/>
  </testcase> <!-- testLoginWithValidCredentials -->
  <testcase classname="com.nagarro.selenium_assignment.Test.CartPageTest" name="testSignInNavigation" time="0.0">
    <skipped/>
  </testcase> <!-- testSignInNavigation -->
  <testcase classname="com.nagarro.selenium_assignment.utilities.BaseTest" name="@BeforeSuite setupExtentReports" time="0.0">
    <ignored/>
  </testcase> <!-- @BeforeSuite setupExtentReports -->
  <testcase classname="com.nagarro.selenium_assignment.utilities.BaseTest" name="@BeforeSuite setupExtentReports" time="0.0">
    <ignored/>
  </testcase> <!-- @BeforeSuite setupExtentReports -->
  <testcase classname="com.nagarro.selenium_assignment.utilities.BaseTest" name="@BeforeSuite setupExtentReports" time="0.0">
    <ignored/>
  </testcase> <!-- @BeforeSuite setupExtentReports -->
</testsuite> <!-- CrossBrowserTest -->
